<?xml version="1.0" encoding="UTF-8"?>
<testsuite name="wooteco.subway.auth.dto.TokenRequestTest" tests="3" skipped="0" failures="0" errors="0" timestamp="2021-08-11T13:36:04" hostname="bagjinhong-ui-MacBookPro.local" time="0.014">
  <properties/>
  <testcase name="isValidEmail(String)[1]" classname="wooteco.subway.auth.dto.TokenRequestTest" time="0.01"/>
  <testcase name="isValidEmail(String)[2]" classname="wooteco.subway.auth.dto.TokenRequestTest" time="0.001"/>
  <testcase name="isValidEmail(String)[3]" classname="wooteco.subway.auth.dto.TokenRequestTest" time="0.001"/>
  <system-out><![CDATA[]]></system-out>
  <system-err><![CDATA[]]></system-err>
</testsuite>
