<?xml version="1.0" encoding="UTF-8"?>
<testsuite name="wooteco.subway.section.dao.SectionDaoTest" tests="1" skipped="0" failures="0" errors="0" timestamp="2021-08-11T13:36:03" hostname="bagjinhong-ui-MacBookPro.local" time="0.357">
  <properties/>
  <testcase name="findAll()" classname="wooteco.subway.section.dao.SectionDaoTest" time="0.357"/>
  <system-out><![CDATA[22:36:03.106 [Test worker] DEBUG org.springframework.test.context.BootstrapUtils - Instantiating CacheAwareContextLoaderDelegate from class [org.springframework.test.context.cache.DefaultCacheAwareContextLoaderDelegate]
22:36:03.106 [Test worker] DEBUG org.springframework.test.context.BootstrapUtils - Instantiating BootstrapContext using constructor [public org.springframework.test.context.support.DefaultBootstrapContext(java.lang.Class,org.springframework.test.context.CacheAwareContextLoaderDelegate)]
22:36:03.108 [Test worker] DEBUG org.springframework.test.context.BootstrapUtils - Instantiating TestContextBootstrapper for test class [wooteco.subway.section.dao.SectionDaoTest] from class [org.springframework.boot.test.autoconfigure.jdbc.JdbcTestContextBootstrapper]
22:36:03.109 [Test worker] INFO org.springframework.boot.test.autoconfigure.jdbc.JdbcTestContextBootstrapper - Neither @ContextConfiguration nor @ContextHierarchy found for test class [wooteco.subway.section.dao.SectionDaoTest], using SpringBootContextLoader
22:36:03.109 [Test worker] DEBUG org.springframework.test.context.support.AbstractContextLoader - Did not detect default resource location for test class [wooteco.subway.section.dao.SectionDaoTest]: class path resource [wooteco/subway/section/dao/SectionDaoTest-context.xml] does not exist
22:36:03.109 [Test worker] DEBUG org.springframework.test.context.support.AbstractContextLoader - Did not detect default resource location for test class [wooteco.subway.section.dao.SectionDaoTest]: class path resource [wooteco/subway/section/dao/SectionDaoTestContext.groovy] does not exist
22:36:03.109 [Test worker] INFO org.springframework.test.context.support.AbstractContextLoader - Could not detect default resource locations for test class [wooteco.subway.section.dao.SectionDaoTest]: no resource found for suffixes {-context.xml, Context.groovy}.
22:36:03.109 [Test worker] INFO org.springframework.test.context.support.AnnotationConfigContextLoaderUtils - Could not detect default configuration classes for test class [wooteco.subway.section.dao.SectionDaoTest]: SectionDaoTest does not declare any static, non-private, non-final, nested classes annotated with @Configuration.
22:36:03.116 [Test worker] DEBUG org.springframework.test.context.support.ActiveProfilesUtils - Could not find an 'annotation declaring class' for annotation type [org.springframework.test.context.ActiveProfiles] and class [wooteco.subway.section.dao.SectionDaoTest]
22:36:03.119 [Test worker] DEBUG org.springframework.context.annotation.ClassPathScanningCandidateComponentProvider - Identified candidate component class: file [/Users/jinhong/Documents/git/others/jenkins-pipeline-practice/build/classes/java/main/wooteco/subway/SubwayApplication.class]
22:36:03.119 [Test worker] INFO org.springframework.boot.test.context.SpringBootTestContextBootstrapper - Found @SpringBootConfiguration wooteco.subway.SubwayApplication for test class wooteco.subway.section.dao.SectionDaoTest
22:36:03.120 [Test worker] DEBUG org.springframework.boot.test.autoconfigure.jdbc.JdbcTestContextBootstrapper - @TestExecutionListeners is not present for class [wooteco.subway.section.dao.SectionDaoTest]: using defaults.
22:36:03.120 [Test worker] INFO org.springframework.boot.test.autoconfigure.jdbc.JdbcTestContextBootstrapper - Loaded default TestExecutionListener class names from location [META-INF/spring.factories]: [org.springframework.security.test.context.support.WithSecurityContextTestExecutionListener, org.springframework.security.test.context.support.ReactorContextTestExecutionListener, org.springframework.boot.test.autoconfigure.restdocs.RestDocsTestExecutionListener, org.springframework.boot.test.autoconfigure.web.client.MockRestServiceServerResetTestExecutionListener, org.springframework.boot.test.autoconfigure.web.servlet.MockMvcPrintOnlyOnFailureTestExecutionListener, org.springframework.boot.test.autoconfigure.web.servlet.WebDriverTestExecutionListener, org.springframework.boot.test.autoconfigure.webservices.client.MockWebServiceServerTestExecutionListener, org.springframework.boot.test.mock.mockito.MockitoTestExecutionListener, org.springframework.boot.test.mock.mockito.ResetMocksTestExecutionListener, org.springframework.test.context.web.ServletTestExecutionListener, org.springframework.test.context.support.DirtiesContextBeforeModesTestExecutionListener, org.springframework.test.context.event.ApplicationEventsTestExecutionListener, org.springframework.test.context.support.DependencyInjectionTestExecutionListener, org.springframework.test.context.support.DirtiesContextTestExecutionListener, org.springframework.test.context.transaction.TransactionalTestExecutionListener, org.springframework.test.context.jdbc.SqlScriptsTestExecutionListener, org.springframework.test.context.event.EventPublishingTestExecutionListener]
22:36:03.120 [Test worker] INFO org.springframework.boot.test.autoconfigure.jdbc.JdbcTestContextBootstrapper - Using TestExecutionListeners: [org.springframework.test.context.web.ServletTestExecutionListener@79074740, org.springframework.test.context.support.DirtiesContextBeforeModesTestExecutionListener@6d0f34b0, org.springframework.test.context.event.ApplicationEventsTestExecutionListener@2983a33c, org.springframework.boot.test.mock.mockito.MockitoTestExecutionListener@1f911007, org.springframework.boot.test.autoconfigure.SpringBootDependencyInjectionTestExecutionListener@5cef79f2, org.springframework.test.context.support.DirtiesContextTestExecutionListener@48d17c6b, org.springframework.test.context.transaction.TransactionalTestExecutionListener@7c7fac0e, org.springframework.test.context.jdbc.SqlScriptsTestExecutionListener@6b799aae, org.springframework.security.test.context.support.WithSecurityContextTestExecutionListener@4cfe5eda, org.springframework.test.context.event.EventPublishingTestExecutionListener@f0f510a, org.springframework.security.test.context.support.ReactorContextTestExecutionListener@e919339, org.springframework.boot.test.autoconfigure.restdocs.RestDocsTestExecutionListener@299ac4af, org.springframework.boot.test.autoconfigure.web.client.MockRestServiceServerResetTestExecutionListener@17ac47c8, org.springframework.boot.test.autoconfigure.web.servlet.MockMvcPrintOnlyOnFailureTestExecutionListener@625ec336, org.springframework.boot.test.autoconfigure.web.servlet.WebDriverTestExecutionListener@60549c1f, org.springframework.boot.test.autoconfigure.webservices.client.MockWebServiceServerTestExecutionListener@1f149306, org.springframework.boot.test.mock.mockito.ResetMocksTestExecutionListener@6af3152b]
22:36:03.120 [Test worker] DEBUG org.springframework.test.context.support.AbstractDirtiesContextTestExecutionListener - Before test class: context [DefaultTestContext@7e203c30 testClass = SectionDaoTest, testInstance = [null], testMethod = [null], testException = [null], mergedContextConfiguration = [MergedContextConfiguration@3a50e38f testClass = SectionDaoTest, locations = '{}', classes = '{class wooteco.subway.SubwayApplication}', contextInitializerClasses = '[]', activeProfiles = '{}', propertySourceLocations = '{}', propertySourceProperties = '{org.springframework.boot.test.autoconfigure.jdbc.JdbcTestContextBootstrapper=true}', contextCustomizers = set[org.springframework.boot.test.autoconfigure.OverrideAutoConfigurationContextCustomizerFactory$DisableAutoConfigurationContextCustomizer@3b81298c, org.springframework.boot.test.autoconfigure.actuate.metrics.MetricsExportContextCustomizerFactory$DisableMetricExportContextCustomizer@5876247b, org.springframework.boot.test.autoconfigure.filter.TypeExcludeFiltersContextCustomizer@351584c0, org.springframework.boot.test.autoconfigure.properties.PropertyMappingContextCustomizer@4f1fb43c, org.springframework.boot.test.autoconfigure.web.servlet.WebDriverContextCustomizerFactory$Customizer@4a6fa223, [ImportsContextCustomizer@1e7db60 key = [org.springframework.boot.autoconfigure.cache.CacheAutoConfiguration, org.springframework.boot.autoconfigure.flyway.FlywayAutoConfiguration, org.springframework.boot.autoconfigure.jdbc.DataSourceAutoConfiguration, org.springframework.boot.autoconfigure.jdbc.DataSourceTransactionManagerAutoConfiguration, org.springframework.boot.autoconfigure.jdbc.JdbcTemplateAutoConfiguration, org.springframework.boot.autoconfigure.liquibase.LiquibaseAutoConfiguration, org.springframework.boot.autoconfigure.transaction.TransactionAutoConfiguration, org.springframework.boot.test.autoconfigure.jdbc.TestDatabaseAutoConfiguration]], org.springframework.boot.test.context.filter.ExcludeFilterContextCustomizer@2d699c59, org.springframework.boot.test.json.DuplicateJsonObjectContextCustomizerFactory$DuplicateJsonObjectContextCustomizer@22ceaa16, org.springframework.boot.test.mock.mockito.MockitoContextCustomizer@0, org.springframework.boot.test.context.SpringBootTestArgs@1, org.springframework.boot.test.context.SpringBootTestWebEnvironment@0], contextLoader = 'org.springframework.boot.test.context.SpringBootContextLoader', parent = [null]], attributes = map[[empty]]], class annotated with @DirtiesContext [false] with mode [null].
22:36:03.121 [Test worker] DEBUG org.springframework.test.context.support.DependencyInjectionTestExecutionListener - Performing dependency injection for test context [[DefaultTestContext@7e203c30 testClass = SectionDaoTest, testInstance = wooteco.subway.section.dao.SectionDaoTest@73cfdc3a, testMethod = [null], testException = [null], mergedContextConfiguration = [MergedContextConfiguration@3a50e38f testClass = SectionDaoTest, locations = '{}', classes = '{class wooteco.subway.SubwayApplication}', contextInitializerClasses = '[]', activeProfiles = '{}', propertySourceLocations = '{}', propertySourceProperties = '{org.springframework.boot.test.autoconfigure.jdbc.JdbcTestContextBootstrapper=true}', contextCustomizers = set[org.springframework.boot.test.autoconfigure.OverrideAutoConfigurationContextCustomizerFactory$DisableAutoConfigurationContextCustomizer@3b81298c, org.springframework.boot.test.autoconfigure.actuate.metrics.MetricsExportContextCustomizerFactory$DisableMetricExportContextCustomizer@5876247b, org.springframework.boot.test.autoconfigure.filter.TypeExcludeFiltersContextCustomizer@351584c0, org.springframework.boot.test.autoconfigure.properties.PropertyMappingContextCustomizer@4f1fb43c, org.springframework.boot.test.autoconfigure.web.servlet.WebDriverContextCustomizerFactory$Customizer@4a6fa223, [ImportsContextCustomizer@1e7db60 key = [org.springframework.boot.autoconfigure.cache.CacheAutoConfiguration, org.springframework.boot.autoconfigure.flyway.FlywayAutoConfiguration, org.springframework.boot.autoconfigure.jdbc.DataSourceAutoConfiguration, org.springframework.boot.autoconfigure.jdbc.DataSourceTransactionManagerAutoConfiguration, org.springframework.boot.autoconfigure.jdbc.JdbcTemplateAutoConfiguration, org.springframework.boot.autoconfigure.liquibase.LiquibaseAutoConfiguration, org.springframework.boot.autoconfigure.transaction.TransactionAutoConfiguration, org.springframework.boot.test.autoconfigure.jdbc.TestDatabaseAutoConfiguration]], org.springframework.boot.test.context.filter.ExcludeFilterContextCustomizer@2d699c59, org.springframework.boot.test.json.DuplicateJsonObjectContextCustomizerFactory$DuplicateJsonObjectContextCustomizer@22ceaa16, org.springframework.boot.test.mock.mockito.MockitoContextCustomizer@0, org.springframework.boot.test.context.SpringBootTestArgs@1, org.springframework.boot.test.context.SpringBootTestWebEnvironment@0], contextLoader = 'org.springframework.boot.test.context.SpringBootContextLoader', parent = [null]], attributes = map['org.springframework.test.context.event.ApplicationEventsTestExecutionListener.recordApplicationEvents' -> false]]].
22:36:03.121 [Test worker] DEBUG org.springframework.test.context.support.TestPropertySourceUtils - Adding inlined properties to environment: {spring.jmx.enabled=false, org.springframework.boot.test.autoconfigure.jdbc.JdbcTestContextBootstrapper=true}

  .   ____          _            __ _ _
 /\\ / ___'_ __ _ _(_)_ __  __ _ \ \ \ \
( ( )\___ | '_ | '_| | '_ \/ _` | \ \ \ \
 \\/  ___)| |_)| | | | | || (_| |  ) ) ) )
  '  |____| .__|_| |_|_| |_\__, | / / / /
 =========|_|==============|___/=/_/_/_/
 :: Spring Boot ::                (v2.4.3)

2021-08-11 22:36:03.203  INFO 9409 --- [    Test worker] w.subway.section.dao.SectionDaoTest      : Starting SectionDaoTest using Java 11.0.9.1 on bagjinhong-ui-MacBookPro.local with PID 9409 (started by jinhong in /Users/jinhong/Documents/git/others/jenkins-pipeline-practice)
2021-08-11 22:36:03.204  INFO 9409 --- [    Test worker] w.subway.section.dao.SectionDaoTest      : The following profiles are active: security
2021-08-11 22:36:03.528  INFO 9409 --- [    Test worker] beddedDataSourceBeanFactoryPostProcessor : Replacing 'dataSource' DataSource bean with embedded version
2021-08-11 22:36:03.647  INFO 9409 --- [    Test worker] o.s.j.d.e.EmbeddedDatabaseFactory        : Starting embedded database: url='jdbc:h2:mem:71b28f5f-b2b4-4a03-890a-9db4de3a86ce;DB_CLOSE_DELAY=-1;DB_CLOSE_ON_EXIT=false', username='sa'
2021-08-11 22:36:03.864  INFO 9409 --- [    Test worker] w.subway.section.dao.SectionDaoTest      : Started SectionDaoTest in 0.741 seconds (JVM running for 2.094)
2021-08-11 22:36:03.877  INFO 9409 --- [    Test worker] o.s.t.c.transaction.TransactionContext   : Began transaction (1) for test context [DefaultTestContext@7e203c30 testClass = SectionDaoTest, testInstance = wooteco.subway.section.dao.SectionDaoTest@73cfdc3a, testMethod = findAll@SectionDaoTest, testException = [null], mergedContextConfiguration = [MergedContextConfiguration@3a50e38f testClass = SectionDaoTest, locations = '{}', classes = '{class wooteco.subway.SubwayApplication}', contextInitializerClasses = '[]', activeProfiles = '{}', propertySourceLocations = '{}', propertySourceProperties = '{org.springframework.boot.test.autoconfigure.jdbc.JdbcTestContextBootstrapper=true}', contextCustomizers = set[org.springframework.boot.test.autoconfigure.OverrideAutoConfigurationContextCustomizerFactory$DisableAutoConfigurationContextCustomizer@3b81298c, org.springframework.boot.test.autoconfigure.actuate.metrics.MetricsExportContextCustomizerFactory$DisableMetricExportContextCustomizer@5876247b, org.springframework.boot.test.autoconfigure.filter.TypeExcludeFiltersContextCustomizer@351584c0, org.springframework.boot.test.autoconfigure.properties.PropertyMappingContextCustomizer@4f1fb43c, org.springframework.boot.test.autoconfigure.web.servlet.WebDriverContextCustomizerFactory$Customizer@4a6fa223, [ImportsContextCustomizer@1e7db60 key = [org.springframework.boot.autoconfigure.cache.CacheAutoConfiguration, org.springframework.boot.autoconfigure.flyway.FlywayAutoConfiguration, org.springframework.boot.autoconfigure.jdbc.DataSourceAutoConfiguration, org.springframework.boot.autoconfigure.jdbc.DataSourceTransactionManagerAutoConfiguration, org.springframework.boot.autoconfigure.jdbc.JdbcTemplateAutoConfiguration, org.springframework.boot.autoconfigure.liquibase.LiquibaseAutoConfiguration, org.springframework.boot.autoconfigure.transaction.TransactionAutoConfiguration, org.springframework.boot.test.autoconfigure.jdbc.TestDatabaseAutoConfiguration]], org.springframework.boot.test.context.filter.ExcludeFilterContextCustomizer@2d699c59, org.springframework.boot.test.json.DuplicateJsonObjectContextCustomizerFactory$DuplicateJsonObjectContextCustomizer@22ceaa16, org.springframework.boot.test.mock.mockito.MockitoContextCustomizer@0, org.springframework.boot.test.context.SpringBootTestArgs@1, org.springframework.boot.test.context.SpringBootTestWebEnvironment@0], contextLoader = 'org.springframework.boot.test.context.SpringBootContextLoader', parent = [null]], attributes = map['org.springframework.test.context.event.ApplicationEventsTestExecutionListener.recordApplicationEvents' -> false]]; transaction manager [org.springframework.jdbc.support.JdbcTransactionManager@111e835c]; rollback [true]
2021-08-11 22:36:04.225  INFO 9409 --- [    Test worker] o.s.t.c.transaction.TransactionContext   : Rolled back transaction for test: [DefaultTestContext@7e203c30 testClass = SectionDaoTest, testInstance = wooteco.subway.section.dao.SectionDaoTest@73cfdc3a, testMethod = findAll@SectionDaoTest, testException = [null], mergedContextConfiguration = [MergedContextConfiguration@3a50e38f testClass = SectionDaoTest, locations = '{}', classes = '{class wooteco.subway.SubwayApplication}', contextInitializerClasses = '[]', activeProfiles = '{}', propertySourceLocations = '{}', propertySourceProperties = '{org.springframework.boot.test.autoconfigure.jdbc.JdbcTestContextBootstrapper=true}', contextCustomizers = set[org.springframework.boot.test.autoconfigure.OverrideAutoConfigurationContextCustomizerFactory$DisableAutoConfigurationContextCustomizer@3b81298c, org.springframework.boot.test.autoconfigure.actuate.metrics.MetricsExportContextCustomizerFactory$DisableMetricExportContextCustomizer@5876247b, org.springframework.boot.test.autoconfigure.filter.TypeExcludeFiltersContextCustomizer@351584c0, org.springframework.boot.test.autoconfigure.properties.PropertyMappingContextCustomizer@4f1fb43c, org.springframework.boot.test.autoconfigure.web.servlet.WebDriverContextCustomizerFactory$Customizer@4a6fa223, [ImportsContextCustomizer@1e7db60 key = [org.springframework.boot.autoconfigure.cache.CacheAutoConfiguration, org.springframework.boot.autoconfigure.flyway.FlywayAutoConfiguration, org.springframework.boot.autoconfigure.jdbc.DataSourceAutoConfiguration, org.springframework.boot.autoconfigure.jdbc.DataSourceTransactionManagerAutoConfiguration, org.springframework.boot.autoconfigure.jdbc.JdbcTemplateAutoConfiguration, org.springframework.boot.autoconfigure.liquibase.LiquibaseAutoConfiguration, org.springframework.boot.autoconfigure.transaction.TransactionAutoConfiguration, org.springframework.boot.test.autoconfigure.jdbc.TestDatabaseAutoConfiguration]], org.springframework.boot.test.context.filter.ExcludeFilterContextCustomizer@2d699c59, org.springframework.boot.test.json.DuplicateJsonObjectContextCustomizerFactory$DuplicateJsonObjectContextCustomizer@22ceaa16, org.springframework.boot.test.mock.mockito.MockitoContextCustomizer@0, org.springframework.boot.test.context.SpringBootTestArgs@1, org.springframework.boot.test.context.SpringBootTestWebEnvironment@0], contextLoader = 'org.springframework.boot.test.context.SpringBootContextLoader', parent = [null]], attributes = map['org.springframework.test.context.event.ApplicationEventsTestExecutionListener.recordApplicationEvents' -> false]]
]]></system-out>
  <system-err><![CDATA[]]></system-err>
</testsuite>
