<?xml version="1.0" encoding="UTF-8"?>
<testsuite name="wooteco.subway.station.dao.StationDaoTest" tests="1" skipped="0" failures="0" errors="0" timestamp="2021-08-11T13:36:04" hostname="bagjinhong-ui-MacBookPro.local" time="0.022">
  <properties/>
  <testcase name="findByIds()" classname="wooteco.subway.station.dao.StationDaoTest" time="0.022"/>
  <system-out><![CDATA[2021-08-11 22:36:04.368  INFO 9409 --- [    Test worker] o.s.b.t.a.j.JdbcTestContextBootstrapper  : Neither @ContextConfiguration nor @ContextHierarchy found for test class [wooteco.subway.station.dao.StationDaoTest], using SpringBootContextLoader
2021-08-11 22:36:04.369  INFO 9409 --- [    Test worker] o.s.t.c.support.AbstractContextLoader    : Could not detect default resource locations for test class [wooteco.subway.station.dao.StationDaoTest]: no resource found for suffixes {-context.xml, Context.groovy}.
2021-08-11 22:36:04.369  INFO 9409 --- [    Test worker] t.c.s.AnnotationConfigContextLoaderUtils : Could not detect default configuration classes for test class [wooteco.subway.station.dao.StationDaoTest]: StationDaoTest does not declare any static, non-private, non-final, nested classes annotated with @Configuration.
2021-08-11 22:36:04.376  INFO 9409 --- [    Test worker] .b.t.c.SpringBootTestContextBootstrapper : Found @SpringBootConfiguration wooteco.subway.SubwayApplication for test class wooteco.subway.station.dao.StationDaoTest
2021-08-11 22:36:04.377  INFO 9409 --- [    Test worker] o.s.b.t.a.j.JdbcTestContextBootstrapper  : Loaded default TestExecutionListener class names from location [META-INF/spring.factories]: [org.springframework.security.test.context.support.WithSecurityContextTestExecutionListener, org.springframework.security.test.context.support.ReactorContextTestExecutionListener, org.springframework.boot.test.autoconfigure.restdocs.RestDocsTestExecutionListener, org.springframework.boot.test.autoconfigure.web.client.MockRestServiceServerResetTestExecutionListener, org.springframework.boot.test.autoconfigure.web.servlet.MockMvcPrintOnlyOnFailureTestExecutionListener, org.springframework.boot.test.autoconfigure.web.servlet.WebDriverTestExecutionListener, org.springframework.boot.test.autoconfigure.webservices.client.MockWebServiceServerTestExecutionListener, org.springframework.boot.test.mock.mockito.MockitoTestExecutionListener, org.springframework.boot.test.mock.mockito.ResetMocksTestExecutionListener, org.springframework.test.context.web.ServletTestExecutionListener, org.springframework.test.context.support.DirtiesContextBeforeModesTestExecutionListener, org.springframework.test.context.event.ApplicationEventsTestExecutionListener, org.springframework.test.context.support.DependencyInjectionTestExecutionListener, org.springframework.test.context.support.DirtiesContextTestExecutionListener, org.springframework.test.context.transaction.TransactionalTestExecutionListener, org.springframework.test.context.jdbc.SqlScriptsTestExecutionListener, org.springframework.test.context.event.EventPublishingTestExecutionListener]
2021-08-11 22:36:04.377  INFO 9409 --- [    Test worker] o.s.b.t.a.j.JdbcTestContextBootstrapper  : Using TestExecutionListeners: [org.springframework.test.context.web.ServletTestExecutionListener@257676fa, org.springframework.test.context.support.DirtiesContextBeforeModesTestExecutionListener@3c4fad8c, org.springframework.test.context.event.ApplicationEventsTestExecutionListener@504713e6, org.springframework.boot.test.mock.mockito.MockitoTestExecutionListener@53c7c8af, org.springframework.boot.test.autoconfigure.SpringBootDependencyInjectionTestExecutionListener@4590a58b, org.springframework.test.context.support.DirtiesContextTestExecutionListener@4725378, org.springframework.test.context.transaction.TransactionalTestExecutionListener@6cc2a833, org.springframework.test.context.jdbc.SqlScriptsTestExecutionListener@12d97b4, org.springframework.security.test.context.support.WithSecurityContextTestExecutionListener@41d1d6e7, org.springframework.test.context.event.EventPublishingTestExecutionListener@57aea436, org.springframework.security.test.context.support.ReactorContextTestExecutionListener@2e540dc0, org.springframework.boot.test.autoconfigure.restdocs.RestDocsTestExecutionListener@43a9bf89, org.springframework.boot.test.autoconfigure.web.client.MockRestServiceServerResetTestExecutionListener@c002ff5, org.springframework.boot.test.autoconfigure.web.servlet.MockMvcPrintOnlyOnFailureTestExecutionListener@2e2db557, org.springframework.boot.test.autoconfigure.web.servlet.WebDriverTestExecutionListener@2019975f, org.springframework.boot.test.autoconfigure.webservices.client.MockWebServiceServerTestExecutionListener@2ec22122, org.springframework.boot.test.mock.mockito.ResetMocksTestExecutionListener@23b0dc88]
2021-08-11 22:36:04.381  INFO 9409 --- [    Test worker] o.s.t.c.transaction.TransactionContext   : Began transaction (1) for test context [DefaultTestContext@163eb773 testClass = StationDaoTest, testInstance = wooteco.subway.station.dao.StationDaoTest@541da662, testMethod = findByIds@StationDaoTest, testException = [null], mergedContextConfiguration = [MergedContextConfiguration@46251b9 testClass = StationDaoTest, locations = '{}', classes = '{class wooteco.subway.SubwayApplication}', contextInitializerClasses = '[]', activeProfiles = '{}', propertySourceLocations = '{}', propertySourceProperties = '{org.springframework.boot.test.autoconfigure.jdbc.JdbcTestContextBootstrapper=true}', contextCustomizers = set[org.springframework.boot.test.autoconfigure.OverrideAutoConfigurationContextCustomizerFactory$DisableAutoConfigurationContextCustomizer@3b81298c, org.springframework.boot.test.autoconfigure.actuate.metrics.MetricsExportContextCustomizerFactory$DisableMetricExportContextCustomizer@5876247b, org.springframework.boot.test.autoconfigure.filter.TypeExcludeFiltersContextCustomizer@351584c0, org.springframework.boot.test.autoconfigure.properties.PropertyMappingContextCustomizer@4f1fb43c, org.springframework.boot.test.autoconfigure.web.servlet.WebDriverContextCustomizerFactory$Customizer@4a6fa223, [ImportsContextCustomizer@4c2d4fb2 key = [org.springframework.boot.autoconfigure.cache.CacheAutoConfiguration, org.springframework.boot.autoconfigure.flyway.FlywayAutoConfiguration, org.springframework.boot.autoconfigure.jdbc.DataSourceAutoConfiguration, org.springframework.boot.autoconfigure.jdbc.DataSourceTransactionManagerAutoConfiguration, org.springframework.boot.autoconfigure.jdbc.JdbcTemplateAutoConfiguration, org.springframework.boot.autoconfigure.liquibase.LiquibaseAutoConfiguration, org.springframework.boot.autoconfigure.transaction.TransactionAutoConfiguration, org.springframework.boot.test.autoconfigure.jdbc.TestDatabaseAutoConfiguration]], org.springframework.boot.test.context.filter.ExcludeFilterContextCustomizer@2d699c59, org.springframework.boot.test.json.DuplicateJsonObjectContextCustomizerFactory$DuplicateJsonObjectContextCustomizer@22ceaa16, org.springframework.boot.test.mock.mockito.MockitoContextCustomizer@0, org.springframework.boot.test.context.SpringBootTestArgs@1, org.springframework.boot.test.context.SpringBootTestWebEnvironment@0], contextLoader = 'org.springframework.boot.test.context.SpringBootContextLoader', parent = [null]], attributes = map['org.springframework.test.context.event.ApplicationEventsTestExecutionListener.recordApplicationEvents' -> false]]; transaction manager [org.springframework.jdbc.support.JdbcTransactionManager@111e835c]; rollback [true]
2021-08-11 22:36:04.401  INFO 9409 --- [    Test worker] o.s.t.c.transaction.TransactionContext   : Rolled back transaction for test: [DefaultTestContext@163eb773 testClass = StationDaoTest, testInstance = wooteco.subway.station.dao.StationDaoTest@541da662, testMethod = findByIds@StationDaoTest, testException = [null], mergedContextConfiguration = [MergedContextConfiguration@46251b9 testClass = StationDaoTest, locations = '{}', classes = '{class wooteco.subway.SubwayApplication}', contextInitializerClasses = '[]', activeProfiles = '{}', propertySourceLocations = '{}', propertySourceProperties = '{org.springframework.boot.test.autoconfigure.jdbc.JdbcTestContextBootstrapper=true}', contextCustomizers = set[org.springframework.boot.test.autoconfigure.OverrideAutoConfigurationContextCustomizerFactory$DisableAutoConfigurationContextCustomizer@3b81298c, org.springframework.boot.test.autoconfigure.actuate.metrics.MetricsExportContextCustomizerFactory$DisableMetricExportContextCustomizer@5876247b, org.springframework.boot.test.autoconfigure.filter.TypeExcludeFiltersContextCustomizer@351584c0, org.springframework.boot.test.autoconfigure.properties.PropertyMappingContextCustomizer@4f1fb43c, org.springframework.boot.test.autoconfigure.web.servlet.WebDriverContextCustomizerFactory$Customizer@4a6fa223, [ImportsContextCustomizer@4c2d4fb2 key = [org.springframework.boot.autoconfigure.cache.CacheAutoConfiguration, org.springframework.boot.autoconfigure.flyway.FlywayAutoConfiguration, org.springframework.boot.autoconfigure.jdbc.DataSourceAutoConfiguration, org.springframework.boot.autoconfigure.jdbc.DataSourceTransactionManagerAutoConfiguration, org.springframework.boot.autoconfigure.jdbc.JdbcTemplateAutoConfiguration, org.springframework.boot.autoconfigure.liquibase.LiquibaseAutoConfiguration, org.springframework.boot.autoconfigure.transaction.TransactionAutoConfiguration, org.springframework.boot.test.autoconfigure.jdbc.TestDatabaseAutoConfiguration]], org.springframework.boot.test.context.filter.ExcludeFilterContextCustomizer@2d699c59, org.springframework.boot.test.json.DuplicateJsonObjectContextCustomizerFactory$DuplicateJsonObjectContextCustomizer@22ceaa16, org.springframework.boot.test.mock.mockito.MockitoContextCustomizer@0, org.springframework.boot.test.context.SpringBootTestArgs@1, org.springframework.boot.test.context.SpringBootTestWebEnvironment@0], contextLoader = 'org.springframework.boot.test.context.SpringBootContextLoader', parent = [null]], attributes = map['org.springframework.test.context.event.ApplicationEventsTestExecutionListener.recordApplicationEvents' -> false]]
]]></system-out>
  <system-err><![CDATA[]]></system-err>
</testsuite>
