<?xml version="1.0" encoding="UTF-8"?>
<testsuite name="wooteco.subway.path.service.PathServiceTest" tests="1" skipped="0" failures="0" errors="0" timestamp="2021-08-11T13:36:04" hostname="bagjinhong-ui-MacBookPro.local" time="0.11">
  <properties/>
  <testcase name="findShortestPath()" classname="wooteco.subway.path.service.PathServiceTest" time="0.11"/>
  <system-out><![CDATA[]]></system-out>
  <system-err><![CDATA[]]></system-err>
</testsuite>
